"../../../FeatsRemaining/Content/Archetypes/CDM-i_25W_40deg.uasset" 0
"../../../FeatsRemaining/Content/Materials/M_Touchable.uasset" 1
"../../../Engine/Content/Functions/Engine_MaterialFunctions01/Opacity/CameraDepthFade.uasset" 2
"../../../Engine/Content/EngineMaterials/T_Default_Material_Grid_M.uasset" 3
"../../../Engine/Content/EngineMaterials/T_Default_Material_Grid_N.uasset" 4
"../../../Engine/Content/EngineMaterials/WorldGridMaterial.uasset" 5
"../../../Engine/Content/BasicShapes/Cube.uasset" 6
"../../../FeatsRemaining/Content/Archetypes/MovingPlatform.uasset" 7
"../../../FeatsRemaining/Content/Audio/Ambient/AmbientStreet.uasset" 8
"../../../FeatsRemaining/Content/StarterContent/Audio/Starter_Wind06.uasset" 9
"../../../FeatsRemaining/Content/Audio/Ambient/AmbientStreetCue.uasset" 10
"../../../FeatsRemaining/Content/FirstPerson/Audio/FirstPersonTemplateWeaponFire02.uasset" 11
"../../../FeatsRemaining/Content/FirstPerson/Audio/Fire.uasset" 12
"../../../FeatsRemaining/Content/FirstPerson/Character/Textures/UE4_LOGO_CARD.uasset" 13
"../../../FeatsRemaining/Content/FirstPerson/FPWeapon/Materials/MaterialLayers/ML_Plastic_Shiny_Beige_LOGO.uasset" 14
"../../../FeatsRemaining/Content/FirstPerson/FPWeapon/Materials/MaterialLayers/T_ML_FineRubber.uasset" 15
"../../../FeatsRemaining/Content/FirstPerson/FPWeapon/Mesh/SK_FPGun_PhysicsAsset.uasset" 16
"../../../FeatsRemaining/Content/FirstPerson/Meshes/BaseMaterial.uasset" 17
"../../../FeatsRemaining/Content/FirstPerson/Meshes/CubeMaterialOverride.uasset" 18
"../../../FeatsRemaining/Content/FirstPerson/Character/Mesh/SK_Mannequin_Arms_Skeleton.uasset" 19
"../../../FeatsRemaining/Content/FirstPerson/Animations/FirstPerson_Idle.uasset" 20
"../../../FeatsRemaining/Content/FirstPerson/Animations/FirstPerson_JumpEnd.uasset" 21
"../../../FeatsRemaining/Content/FirstPerson/Animations/FirstPerson_JumpLoop.uasset" 22
"../../../FeatsRemaining/Content/FirstPerson/Animations/FirstPerson_JumpStart.uasset" 23
"../../../FeatsRemaining/Content/FirstPerson/Animations/FirstPerson_Run.uasset" 24
"../../../Engine/Content/EditorBlueprintResources/StandardMacros.uasset" 25
"../../../FeatsRemaining/Content/FirstPerson/Animations/FirstPerson_AnimBP.uasset" 26
"../../../FeatsRemaining/Content/FirstPerson/Animations/FirstPerson_Fire.uasset" 27
"../../../FeatsRemaining/Content/FirstPerson/Animations/FirstPersonFire_Montage.uasset" 28
"../../../FeatsRemaining/Content/Archetypes/LevelSequence.uasset" 29
"../../../FeatsRemaining/Content/FirstPersonBP/Blueprints/ChatStruct.uasset" 30
"../../../FeatsRemaining/Content/FirstPersonBP/Blueprints/ChatBubble.uasset" 31
"../../../FeatsRemaining/Content/Archetypes/GameInstanceStupid.uasset" 32
"../../../FeatsRemaining/Content/Physics/StasisComponent.uasset" 33
"../../../FeatsRemaining/Content/Materials/M_ArrowLerp.uasset" 34
"../../../FeatsRemaining/Content/Materials/M_MoveableOverlay.uasset" 35
"../../../FeatsRemaining/Content/StarterContent/Materials/M_Basic_Wall.uasset" 36
"../../../FeatsRemaining/Content/StarterContent/Shapes/Shape_Cone.uasset" 37
"../../../FeatsRemaining/Content/Archetypes/MoveableParent.uasset" 38
"../../../FeatsRemaining/Content/StarterContent/Textures/T_Burst_M.uasset" 39
"../../../FeatsRemaining/Content/StarterContent/Particles/Materials/M_Burst.uasset" 40
"../../../FeatsRemaining/Content/StarterContent/Textures/T_Explosion_SubUV.uasset" 41
"../../../FeatsRemaining/Content/StarterContent/Particles/Materials/M_explosion_subUV.uasset" 42
"../../../FeatsRemaining/Content/StarterContent/Particles/Materials/m_flare_01.uasset" 43
"../../../Engine/Content/Functions/Engine_MaterialFunctions01/Gradient/RadialGradient.uasset" 44
"../../../FeatsRemaining/Content/StarterContent/Particles/Materials/M_radial_ramp.uasset" 45
"../../../FeatsRemaining/Content/StarterContent/Textures/T_Smoke_SubUV.uasset" 46
"../../../FeatsRemaining/Content/StarterContent/Textures/T_Smoke_Tiled_D.uasset" 47
"../../../FeatsRemaining/Content/StarterContent/Particles/Materials/M_smoke_subUV.uasset" 48
"../../../FeatsRemaining/Content/StarterContent/Particles/P_Explosion.uasset" 49
"../../../FeatsRemaining/Content/Archetypes/ProjectileDestroyed.uasset" 50
"../../../FeatsRemaining/Content/FirstPerson/Meshes/FirstPersonProjectileMaterial.uasset" 51
"../../../FeatsRemaining/Content/FirstPerson/Meshes/FirstPersonProjectileMesh.uasset" 52
"../../../FeatsRemaining/Content/Physics/Blob.uasset" 53
"../../../FeatsRemaining/Content/Physics/Bouncy.uasset" 54
"../../../FeatsRemaining/Content/FirstPersonBP/Blueprints/FirstPersonProjectile.uasset" 55
"../../../FeatsRemaining/Content/FirstPersonBP/Blueprints/CounterWidget.uasset" 56
"../../../FeatsRemaining/Content/Audio/FireBlob/Blob1.uasset" 57
"../../../FeatsRemaining/Content/Audio/FireBlob/Blob2.uasset" 58
"../../../FeatsRemaining/Content/Audio/FireBlob/Blob3.uasset" 59
"../../../FeatsRemaining/Content/Audio/FireBlob/Blob4.uasset" 60
"../../../FeatsRemaining/Content/Audio/FireBlob/Blob5.uasset" 61
"../../../FeatsRemaining/Content/Audio/FireBlob/BlobFire.uasset" 62
"../../../FeatsRemaining/Content/Audio/Footsteps/Concrete1.uasset" 63
"../../../FeatsRemaining/Content/Audio/Footsteps/Concrete10.uasset" 64
"../../../FeatsRemaining/Content/Audio/Footsteps/Concrete2.uasset" 65
"../../../FeatsRemaining/Content/Audio/Footsteps/Concrete3.uasset" 66
"../../../FeatsRemaining/Content/Audio/Footsteps/Concrete4.uasset" 67
"../../../FeatsRemaining/Content/Audio/Footsteps/Concrete5.uasset" 68
"../../../FeatsRemaining/Content/Audio/Footsteps/Concrete6.uasset" 69
"../../../FeatsRemaining/Content/Audio/Footsteps/Concrete7.uasset" 70
"../../../FeatsRemaining/Content/Audio/Footsteps/Concrete8.uasset" 71
"../../../FeatsRemaining/Content/Audio/Footsteps/Concrete9.uasset" 72
"../../../FeatsRemaining/Content/Audio/Footsteps/Concrete.uasset" 73
"../../../FeatsRemaining/Content/Audio/Heartbeat/Heartbeat1.uasset" 74
"../../../FeatsRemaining/Content/Audio/Heartbeat/Heartbeat10.uasset" 75
"../../../FeatsRemaining/Content/Audio/Heartbeat/Heartbeat11.uasset" 76
"../../../FeatsRemaining/Content/Audio/Heartbeat/Heartbeat12.uasset" 77
"../../../FeatsRemaining/Content/Audio/Heartbeat/Heartbeat13.uasset" 78
"../../../FeatsRemaining/Content/Audio/Heartbeat/Heartbeat14.uasset" 79
"../../../FeatsRemaining/Content/Audio/Heartbeat/Heartbeat2.uasset" 80
"../../../FeatsRemaining/Content/Audio/Heartbeat/Heartbeat3.uasset" 81
"../../../FeatsRemaining/Content/Audio/Heartbeat/Heartbeat4.uasset" 82
"../../../FeatsRemaining/Content/Audio/Heartbeat/Heartbeat5.uasset" 83
"../../../FeatsRemaining/Content/Audio/Heartbeat/Heartbeat6.uasset" 84
"../../../FeatsRemaining/Content/Audio/Heartbeat/Heartbeat7.uasset" 85
"../../../FeatsRemaining/Content/Audio/Heartbeat/Heartbeat8.uasset" 86
"../../../FeatsRemaining/Content/Audio/Heartbeat/Heartbeat9.uasset" 87
"../../../FeatsRemaining/Content/Audio/Heartbeat/Heartbeat.uasset" 88
"../../../Engine/Content/Functions/Engine_MaterialFunctions02/Utility/BlendAngleCorrectedNormals.uasset" 89
"../../../Engine/Content/Functions/MaterialLayerFunctions/MatLayerBlend_NormalBlend.uasset" 90
"../../../Engine/Content/Functions/MaterialLayerFunctions/MatLayerBlend_Simple.uasset" 91
"../../../FeatsRemaining/Content/FirstPerson/Character/Materials/MaterialLayers/T_ML_Rubber_Blue_01_D.uasset" 92
"../../../FeatsRemaining/Content/FirstPerson/Character/Materials/MaterialLayers/T_ML_Rubber_Blue_01_N.uasset" 93
"../../../FeatsRemaining/Content/FirstPerson/Character/Materials/MaterialLayers/ML_GlossyBlack_Latex_UE4.uasset" 94
"../../../FeatsRemaining/Content/FirstPerson/Character/Materials/MaterialLayers/ML_Plastic_Shiny_Beige.uasset" 95
"../../../FeatsRemaining/Content/FirstPerson/Character/Materials/MaterialLayers/ML_Plastic_Shiny_Beige_LOGO.uasset" 96
"../../../FeatsRemaining/Content/FirstPerson/Character/Materials/MaterialLayers/T_ML_Aluminum01.uasset" 97
"../../../FeatsRemaining/Content/FirstPerson/Character/Materials/MaterialLayers/T_ML_Aluminum01_N.uasset" 98
"../../../FeatsRemaining/Content/FirstPerson/Character/Materials/MaterialLayers/ML_SoftMetal_UE4.uasset" 99
"../../../FeatsRemaining/Content/FirstPerson/Character/Textures/UE4_Mannequin__normals.uasset" 100
"../../../FeatsRemaining/Content/FirstPerson/Character/Textures/UE4_Mannequin_MAT_MASKA.uasset" 101
"../../../FeatsRemaining/Content/FirstPerson/Character/Materials/M_UE4Man_Body.uasset" 102
"../../../FeatsRemaining/Content/FirstPerson/Character/Mesh/SK_Mannequin_Arms_PhysicsAsset.uasset" 103
"../../../FeatsRemaining/Content/FirstPerson/Character/Mesh/SK_Mannequin_Arms.uasset" 104
"../../../FeatsRemaining/Content/FirstPerson/FPWeapon/Materials/MaterialLayers/T_ML_Rubber_Blue_01_D.uasset" 105
"../../../FeatsRemaining/Content/FirstPerson/FPWeapon/Materials/MaterialLayers/T_ML_Rubber_Blue_01_N.uasset" 106
"../../../FeatsRemaining/Content/FirstPerson/FPWeapon/Materials/MaterialLayers/ML_GlossyBlack_Latex_UE4.uasset" 107
"../../../FeatsRemaining/Content/FirstPerson/FPWeapon/Materials/MaterialLayers/ML_Plastic_Shiny_Beige.uasset" 108
"../../../FeatsRemaining/Content/FirstPerson/FPWeapon/Materials/MaterialLayers/ML_Screen.uasset" 109
"../../../FeatsRemaining/Content/FirstPerson/FPWeapon/Materials/MaterialLayers/T_ML_Aluminum01.uasset" 110
"../../../FeatsRemaining/Content/FirstPerson/FPWeapon/Materials/MaterialLayers/T_ML_Aluminum01_N.uasset" 111
"../../../FeatsRemaining/Content/FirstPerson/FPWeapon/Materials/MaterialLayers/ML_SoftMetal_UE4.uasset" 112
"../../../FeatsRemaining/Content/FirstPerson/FPWeapon/Textures/T_FPGun_M.uasset" 113
"../../../FeatsRemaining/Content/FirstPerson/FPWeapon/Textures/T_FPGun_N.uasset" 114
"../../../FeatsRemaining/Content/FirstPerson/FPWeapon/Materials/M_FPGun.uasset" 115
"../../../FeatsRemaining/Content/FirstPerson/FPWeapon/Mesh/SK_FPGun_Skeleton.uasset" 116
"../../../FeatsRemaining/Content/FirstPerson/FPWeapon/Mesh/SK_FPGun.uasset" 117
"../../../FeatsRemaining/Content/FirstPersonBP/Blueprints/CountDown.uasset" 118
"../../../FeatsRemaining/Content/FirstPersonBP/Blueprints/E_Tutorials.uasset" 119
"../../../FeatsRemaining/Content/FirstPersonBP/Blueprints/Menu.uasset" 120
"../../../FeatsRemaining/Content/FirstPersonBP/Blueprints/Pause.uasset" 121
"../../../FeatsRemaining/Content/FirstPersonBP/Blueprints/Tutorial.uasset" 122
"../../../FeatsRemaining/Content/FirstPersonBP/Blueprints/FirstPersonCharacter.uasset" 123
"../../../Engine/Content/BasicShapes/BasicShapeMaterial.uasset" 124
"../../../Engine/Content/EngineMaterials/DefaultMaterial.uasset" 125
"../../../Engine/Content/BasicShapes/Sphere.uasset" 126
"../../../FeatsRemaining/Content/FirstPersonBP/Blueprints/AmmoPack.uasset" 127
"../../../FeatsRemaining/Content/FirstPersonBP/Blueprints/EdgeBlur.uasset" 128
"../../../FeatsRemaining/Content/FirstPerson/Textures/FirstPersonCrosshair.uasset" 129
"../../../FeatsRemaining/Content/FirstPersonBP/Blueprints/FirstPersonHUD.uasset" 130
"../../../FeatsRemaining/Content/Geometry/Meshes/CubeMaterial.uasset" 131
"../../../FeatsRemaining/Content/Geometry/Meshes/1M_Cube_Chamfer.uasset" 132
"../../../FeatsRemaining/Content/Geometry/Meshes/TemplateFloor.uasset" 133
"../../../FeatsRemaining/Content/Models/Building3.uasset" 134
"../../../FeatsRemaining/Content/Models/Building_2_2.uasset" 135
"../../../FeatsRemaining/Content/StarterContent/Materials/M_Glass.uasset" 136
"../../../Engine/Content/BasicShapes/Cylinder.uasset" 137
"../../../FeatsRemaining/Content/Models/Box_Brush_StaticMesh1.uasset" 138
"../../../FeatsRemaining/Content/Models/LabRoom.uasset" 139
"../../../FeatsRemaining/Content/Models/LastBuilding.uasset" 140
"../../../FeatsRemaining/Content/StarterContent/Textures/T_Fire_SubUV.uasset" 141
"../../../FeatsRemaining/Content/StarterContent/Textures/T_Fire_Tiled_D.uasset" 142
"../../../FeatsRemaining/Content/StarterContent/Particles/Materials/M_Fire_SubUV.uasset" 143
"../../../FeatsRemaining/Content/StarterContent/Textures/T_Water_N.uasset" 144
"../../../FeatsRemaining/Content/StarterContent/Particles/Materials/M_Heat_Distortion.uasset" 145
"../../../FeatsRemaining/Content/StarterContent/Particles/Materials/M_Radial_Gradient.uasset" 146
"../../../FeatsRemaining/Content/StarterContent/Particles/P_Fire.uasset" 147
"../../../FeatsRemaining/Content/Models/TorchLight.uasset" 148
"../../../FeatsRemaining/Content/ParticlesUsed/P_Fire2.uasset" 149
"../../../FeatsRemaining/Content/ParticlesUsed/P_Shot.uasset" 150
"../../../FeatsRemaining/Content/StarterContent/Architecture/Pillar_50x500.uasset" 151
"../../../FeatsRemaining/Content/StarterContent/Architecture/Wall_400x300.uasset" 152
"../../../FeatsRemaining/Content/StarterContent/Architecture/Wall_400x400.uasset" 153
"../../../FeatsRemaining/Content/StarterContent/Architecture/Wall_500x500.uasset" 154
"../../../FeatsRemaining/Content/StarterContent/Architecture/Wall_Door_400x400.uasset" 155
"../../../FeatsRemaining/Content/StarterContent/Architecture/Wall_Window_400x400.uasset" 156
"../../../FeatsRemaining/Content/StarterContent/Audio/Light01_Cue.uasset" 157
"../../../FeatsRemaining/Content/StarterContent/Audio/Light02_Cue.uasset" 158
"../../../FeatsRemaining/Content/StarterContent/Audio/Explosion_Cue.uasset" 159
"../../../FeatsRemaining/Content/StarterContent/Blueprints/Blueprint_Effect_Explosion.uasset" 160
"../../../Engine/Content/EditorMeshes/ColorCalibrator/T_ColorGrid.uasset" 161
"../../../FeatsRemaining/Content/StarterContent/Materials/M_ColorGrid_LowSpec.uasset" 162
"../../../FeatsRemaining/Content/StarterContent/Textures/T_Bush_D.uasset" 163
"../../../FeatsRemaining/Content/StarterContent/Textures/T_Bush_N.uasset" 164
"../../../FeatsRemaining/Content/StarterContent/Props/Materials/M_Bush.uasset" 165
"../../../FeatsRemaining/Content/StarterContent/Props/SM_Bush.uasset" 166
"../../../FeatsRemaining/Content/StarterContent/Textures/T_Chair_M.uasset" 167
"../../../FeatsRemaining/Content/StarterContent/Textures/T_Chair_N.uasset" 168
"../../../FeatsRemaining/Content/StarterContent/Props/Materials/M_Chair.uasset" 169
"../../../FeatsRemaining/Content/StarterContent/Props/SM_Couch.uasset" 170
"../../../FeatsRemaining/Content/StarterContent/Textures/T_Door_M.uasset" 171
"../../../FeatsRemaining/Content/StarterContent/Textures/T_Door_N.uasset" 172
"../../../FeatsRemaining/Content/StarterContent/Props/Materials/M_Door.uasset" 173
"../../../FeatsRemaining/Content/StarterContent/Props/SM_Door.uasset" 174
"../../../FeatsRemaining/Content/StarterContent/Props/Materials/M_MaterialSphere.uasset" 175
"../../../FeatsRemaining/Content/StarterContent/Props/Materials/M_MaterialSphere_Plain.uasset" 176
"../../../FeatsRemaining/Content/StarterContent/Props/SM_MatPreviewMesh_02.uasset" 177
"../../../FeatsRemaining/Content/StarterContent/Textures/T_Detail_Rocky_N.uasset" 178
"../../../FeatsRemaining/Content/StarterContent/Textures/T_Rock_Basalt_D.uasset" 179
"../../../FeatsRemaining/Content/StarterContent/Textures/T_RockMesh_M.uasset" 180
"../../../FeatsRemaining/Content/StarterContent/Textures/T_RockMesh_N.uasset" 181
"../../../FeatsRemaining/Content/StarterContent/Props/Materials/M_Rock.uasset" 182
"../../../FeatsRemaining/Content/StarterContent/Props/SM_Rock.uasset" 183
"../../../FeatsRemaining/Content/StarterContent/Textures/T_Shelf_M.uasset" 184
"../../../FeatsRemaining/Content/StarterContent/Textures/T_Shelf_N.uasset" 185
"../../../FeatsRemaining/Content/StarterContent/Props/Materials/M_Shelf.uasset" 186
"../../../FeatsRemaining/Content/StarterContent/Props/SM_Shelf.uasset" 187
"../../../FeatsRemaining/Content/StarterContent/Materials/M_Basic_Floor.uasset" 188
"../../../FeatsRemaining/Content/StarterContent/Props/SM_Stairs.uasset" 189
"../../../FeatsRemaining/Content/StarterContent/Shapes/Shape_Cylinder.uasset" 190
"../../../FeatsRemaining/Content/StarterContent/Shapes/Shape_NarrowCapsule.uasset" 191
"../../../FeatsRemaining/Content/StarterContent/Shapes/Shape_Pipe.uasset" 192
"../../../FeatsRemaining/Content/StarterContent/Shapes/Shape_Pipe_180.uasset" 193
"../../../FeatsRemaining/Content/StarterContent/Shapes/Shape_Pipe_90.uasset" 194
"../../../FeatsRemaining/Content/StarterContent/Shapes/Shape_Plane.uasset" 195
"../../../FeatsRemaining/Content/StarterContent/Shapes/Shape_Torus.uasset" 196
"../../../FeatsRemaining/Content/StarterContent/Shapes/Shape_Trim.uasset" 197
"../../../FeatsRemaining/Content/StarterContent/Shapes/Shape_Trim_90_In.uasset" 198
"../../../FeatsRemaining/Content/StarterContent/Shapes/Shape_Trim_90_Out.uasset" 199
"../../../FeatsRemaining/Content/StarterContent/Shapes/Shape_TriPyramid.uasset" 200
"../../../FeatsRemaining/Content/StarterContent/Shapes/Shape_Tube.uasset" 201
"../../../FeatsRemaining/Content/StarterContent/Shapes/Shape_Wedge_A.uasset" 202
"../../../FeatsRemaining/Content/StarterContent/Shapes/Shape_Wedge_B.uasset" 203
"../../../FeatsRemaining/Content/StarterContent/Shapes/Shape_WideCapsule.uasset" 204
"../../../Engine/Content/EditorLandscapeResources/DataLayer.uasset" 205
"../../../Engine/Content/EditorMaterials/GizmoMaterial.uasset" 206
"../../../Engine/Content/EditorMaterials/MAT_Groups_Toggle.uasset" 207
"../../../Engine/Content/EditorMaterials/MAT_Groups_Visibility.uasset" 208
"../../../Engine/Content/EditorMaterials/PreviewShadowIndicator.uasset" 209
"../../../Engine/Content/EditorMaterials/PreviewShadowIndicatorMaterial.uasset" 210
"../../../Engine/Content/EditorMaterials/MatineeGroups/MAT_ColorTrack.uasset" 211
"../../../Engine/Content/EditorMaterials/MatineeGroups/MAT_Groups_Anim.uasset" 212
"../../../Engine/Content/EditorMaterials/MatineeGroups/MAT_Groups_AudioMaster.uasset" 213
"../../../Engine/Content/EditorMaterials/MatineeGroups/MAT_Groups_Director.uasset" 214
"../../../Engine/Content/EditorMaterials/MatineeGroups/MAT_Groups_Event.uasset" 215
"../../../Engine/Content/EditorMaterials/MatineeGroups/MAT_Groups_Fade.uasset" 216
"../../../Engine/Content/EditorMaterials/MatineeGroups/MAT_Groups_Float.uasset" 217
"../../../Engine/Content/EditorMaterials/MatineeGroups/MAT_Groups_Move.uasset" 218
"../../../Engine/Content/EditorMaterials/MatineeGroups/MAT_Groups_Slomo.uasset" 219
"../../../Engine/Content/EditorMaterials/MatineeGroups/MAT_Groups_Sound.uasset" 220
"../../../Engine/Content/EditorMaterials/MatineeGroups/MAT_Groups_Vector.uasset" 221
"../../../Engine/Content/EditorMaterials/ParticleSystems/PSysThumbnail_NoImage.uasset" 222
"../../../Engine/Content/EditorMaterials/ParticleSystems/PSysThumbnail_OOD.uasset" 223
"../../../Engine/Content/EditorMaterials/Camera/CineMat.uasset" 224
"../../../Engine/Content/EditorMaterials/Camera/MI_CineMat_Rig.uasset" 225
"../../../Engine/Content/EditorMeshes/Camera/SM_CraneRig_Arm.uasset" 226
"../../../Engine/Content/EditorMeshes/Camera/SM_CraneRig_Base.uasset" 227
"../../../Engine/Content/EditorMeshes/Camera/SM_CraneRig_Body.uasset" 228
"../../../Engine/Content/EditorMeshes/Camera/SM_CraneRig_Mount.uasset" 229
"../../../Engine/Content/EditorMeshes/Camera/SM_RailRig_Mount.uasset" 230
"../../../Engine/Content/EditorMeshes/Camera/SM_RailRig_Track.uasset" 231
"../../../Engine/Content/EditorResources/BSPVertex.uasset" 232
"../../../Engine/Content/EditorResources/EmptyActor.uasset" 233
"../../../Engine/Content/EditorResources/S_Actor.uasset" 234
"../../../Engine/Content/EditorResources/S_Trigger.uasset" 235
"../../../Engine/Content/EditorResources/AudioIcons/S_AudioComponent.uasset" 236
"../../../Engine/Content/EditorResources/AudioIcons/S_AudioComponent_AutoActivate.uasset" 237
"../../../Engine/Content/EditorResources/LightIcons/S_LightError.uasset" 238
"../../../Engine/Content/EditorResources/SequenceRecorder/Countdown.uasset" 239
"../../../Engine/Content/EditorResources/SequenceRecorder/RecordingIndicator.uasset" 240
"../../../Engine/Content/EditorSounds/Notifications/CompileFailed.uasset" 241
"../../../Engine/Content/EditorSounds/Notifications/CompileFailed_Cue.uasset" 242
"../../../Engine/Content/EditorSounds/Notifications/CompileSuccess.uasset" 243
"../../../Engine/Content/EditorSounds/Notifications/CompileStart_Cue.uasset" 244
"../../../Engine/Content/EditorSounds/Notifications/CompileSuccess_Cue.uasset" 245
"../../../Engine/Content/EngineDamageTypes/DmgTypeBP_Environmental.uasset" 246
"../../../Engine/Content/EngineDebugMaterials/HeatmapGradient.uasset" 247
"../../../Engine/Content/EngineDebugMaterials/BoneWeightMaterial.uasset" 248
"../../../Engine/Content/EngineDebugMaterials/ClothMaterial.uasset" 249
"../../../Engine/Content/EngineDebugMaterials/ClothMaterial_WF.uasset" 250
"../../../Engine/Content/EngineDebugMaterials/DebugEditorMaterial.uasset" 251
"../../../Engine/Content/EngineDebugMaterials/DebugMeshMaterial.uasset" 252
"../../../Engine/Content/EngineDebugMaterials/GeomMaterial.uasset" 253
"../../../Engine/Content/EngineFonts/Faces/RobotoBold.uasset" 254
"../../../Engine/Content/EngineFonts/Faces/RobotoBoldItalic.uasset" 255
"../../../Engine/Content/EngineFonts/Faces/RobotoItalic.uasset" 256
"../../../Engine/Content/EngineFonts/Faces/RobotoLight.uasset" 257
"../../../Engine/Content/EngineFonts/Faces/RobotoRegular.uasset" 258
"../../../Engine/Content/EngineFonts/Roboto.uasset" 259
"../../../Engine/Content/EngineFonts/Faces/RobotoTiny.uasset" 260
"../../../Engine/Content/EngineFonts/RobotoTiny.uasset" 261
"../../../Engine/Content/EngineMaterials/DefaultBloomKernel.uasset" 262
"../../../Engine/Content/EngineMaterials/DefaultBokeh.uasset" 263
"../../../Engine/Content/EngineMaterials/DefaultDiffuse.uasset" 264
"../../../Engine/Content/EngineMaterials/DefaultDeferredDecalMaterial.uasset" 265
"../../../Engine/Content/EngineMaterials/DefaultLightFunctionMaterial.uasset" 266
"../../../Engine/Content/EngineMaterials/DefaultPhysicalMaterial.uasset" 267
"../../../Engine/Content/Functions/Engine_MaterialFunctions02/Utility/BreakOutFloat2Components.uasset" 268
"../../../Engine/Content/EngineMaterials/DefaultPostProcessMaterial.uasset" 269
"../../../Engine/Content/EngineFonts/RobotoDistanceField.uasset" 270
"../../../Engine/Content/EngineMaterials/DefaultTextMaterialOpaque.uasset" 271
"../../../Engine/Content/EngineMaterials/DefaultWhiteGrid.uasset" 272
"../../../Engine/Content/EngineMaterials/EditorBrushMaterial.uasset" 273
"../../../Engine/Content/EngineMaterials/Good64x64TilingNoiseHighFreq.uasset" 274
"../../../Engine/Content/EngineMaterials/MiniFont.uasset" 275
"../../../Engine/Content/EngineMaterials/InvalidLightmapSettings.uasset" 276
"../../../Engine/Content/EngineMaterials/M_InvalidLightmapSettings.uasset" 277
"../../../Engine/Content/Functions/Engine_MaterialFunctions02/WorldPositionOffset/CameraOffset.uasset" 278
"../../../Engine/Content/EngineMaterials/PhAT_JointLimitMaterial.uasset" 279
"../../../Engine/Content/EngineMaterials/PreintegratedSkinBRDF.uasset" 280
"../../../Engine/Content/EngineMaterials/RemoveSurfaceMaterial.uasset" 281
"../../../Engine/Content/EngineMaterials/WeightMapPlaceholderTexture.uasset" 282
"../../../Engine/Content/EngineResources/WhiteSquareTexture.uasset" 283
"../../../Engine/Content/EngineMaterials/Widget3DPassThrough.uasset" 284
"../../../Engine/Content/EngineMaterials/Widget3DPassThrough_Masked.uasset" 285
"../../../Engine/Content/EngineMaterials/Widget3DPassThrough_Opaque.uasset" 286
"../../../Engine/Content/EngineMaterials/Widget3DPassThrough_Masked_OneSided.uasset" 287
"../../../Engine/Content/EngineMaterials/Widget3DPassThrough_Opaque_OneSided.uasset" 288
"../../../Engine/Content/EngineMaterials/Widget3DPassThrough_Translucent.uasset" 289
"../../../Engine/Content/EngineMaterials/Widget3DPassThrough_Translucent_OneSided.uasset" 290
"../../../Engine/Content/EngineMeshes/Cube.uasset" 291
"../../../Engine/Content/EngineMeshes/Cylinder.uasset" 292
"../../../Engine/Content/EngineMeshes/Sphere.uasset" 293
"../../../Engine/Content/EngineResources/Black.uasset" 294
"../../../Engine/Content/EngineResources/DefaultTexture.uasset" 295
"../../../Engine/Content/EngineResources/DefaultTextureCube.uasset" 296
"../../../Engine/Content/EngineResources/GradientTexture0.uasset" 297
"../../../Engine/Content/EngineSounds/Master.uasset" 298
"../../../Engine/Content/Functions/Engine_MaterialFunctions01/Shading/ConvertFromDiffSpec.uasset" 299
"../../../Engine/Content/Functions/Engine_MaterialFunctions01/Shading/PowerToRoughness.uasset" 300
"../../../Engine/Content/Maps/Templates/Thumbnails/Default.uasset" 301
"../../../Engine/Content/Maps/Templates/Thumbnails/VR-Basic.uasset" 302
"../../../Engine/Content/MobileResources/T_MobileControls_texture.uasset" 303
"../../../Engine/Content/MobileResources/T_MobileMenu2.uasset" 304
"../../../Engine/Content/MobileResources/HUD/AnalogHat.uasset" 305
"../../../Engine/Content/MobileResources/HUD/VirtualJoystick_Background.uasset" 306
"../../../Engine/Content/MobileResources/HUD/VirtualJoystick_Thumb.uasset" 307
"../../../Engine/Content/MobileResources/HUD/DefaultVirtualJoysticks.uasset" 308
"../../../Engine/Content/MobileResources/HUD/LeftVirtualJoystickOnly.uasset" 309
"../../../Engine/Content/MobileResources/HUD/MobileHUDButton1_off.uasset" 310
"../../../Engine/Content/MobileResources/HUD/MobileHUDButton1_on.uasset" 311
"../../../Engine/Content/MobileResources/HUD/MobileHUDButton2_off.uasset" 312
"../../../Engine/Content/MobileResources/HUD/MobileHUDButton2_on.uasset" 313
"../../../Engine/Content/MobileResources/HUD/MobileHUDButton3.uasset" 314
"../../../Engine/Content/MobileResources/HUD/MobileHUDButtonFire.uasset" 315
"../../../Engine/Content/MobileResources/HUD/MobileHUDDirectionPad.uasset" 316
"../../../Engine/Content/MobileResources/HUD/MobileHUDDirectionPad2.uasset" 317
"../../../Engine/Content/MobileResources/HUD/MobileHUDDirectionPad3.uasset" 318
"../../../Engine/Content/MobileResources/HUD/MobileHUDDirectionStick.uasset" 319
"../../../Engine/Content/MobileResources/HUD/T_Castle_ThumbstickInner.uasset" 320
"../../../Engine/Content/MobileResources/HUD/T_Castle_ThumbstickOutter.uasset" 321
"../../../Engine/Content/Tutorial/ContentIntroCurve.uasset" 322
"../../../Engine/Content/Tutorial/Basics/TutorialAssets/icon_tab_Levels_40x.uasset" 323
"../../../Engine/Content/Tutorial/BlueprintTutorials/TutorialAssets/BlueprintInterface_64x.uasset" 324
"../../../Engine/Content/Tutorial/BlueprintTutorials/TutorialAssets/BlueprintMacroLibrary_64x.uasset" 325
"../../../Engine/Content/Tutorial/BlueprintTutorials/TutorialAssets/Blueprint_64x.uasset" 326
"../../../Engine/Content/Tutorial/BlueprintTutorials/TutorialAssets/Tutorial_BP_Interface.uasset" 327
"../../../Engine/Content/Tutorial/Foliage/TutorialAssets/Foliage.uasset" 328
"../../../Engine/Content/Tutorial/Landscape/TutorialAssets/Landscape.uasset" 329
"../../../Engine/Content/Tutorial/Paper2D/TutorialAssets/Paper2DFlipbook_TutorialIcon.uasset" 330
"../../../Engine/Content/Tutorial/Paper2D/TutorialAssets/Paper2DSprite_TutorialIcon.uasset" 331
"../../../Engine/Content/Tutorial/SubEditors/TutorialAssets/icon_Editor_Preferences_General_40x.uasset" 332
"../../../Engine/Content/Tutorial/SubEditors/TutorialAssets/icon_ShowSkeletalMeshes_40x.uasset" 333
"../../../Engine/Content/Tutorial/SubEditors/TutorialAssets/TutorialMaterial.uasset" 334
"../../../Engine/Content/Tutorial/SubEditors/TutorialAssets/T_SmokeSubUV_8X8.uasset" 335
"../../../Engine/Content/Tutorial/SubEditors/TutorialAssets/T_soft_smoke.uasset" 336
"../../../Engine/Content/Tutorial/SubEditors/TutorialAssets/M_smoke_subUV_blackbody.uasset" 337
"../../../Engine/Content/Tutorial/SubEditors/TutorialAssets/TutorialParticleSystem.uasset" 338
"../../../Engine/Content/VREditor/Devices/Generic/GenericHMDMaterial.uasset" 339
"../../../Engine/Content/VREditor/Devices/Generic/GenericHMD.uasset" 340
"../../../Engine/Content/VREditor/FloatingText/LineMaterial.uasset" 341
"../../../Engine/Content/VREditor/FloatingText/JointSphere.uasset" 342
"../../../Engine/Content/VREditor/FloatingText/LineSegmentCylinder.uasset" 343
"../../../Engine/Content/VREditor/Fonts/VRText_RobotoLarge.uasset" 344
"../../../Engine/Content/VREditor/Fonts/VRTextMaterial.uasset" 345
"../../../Engine/Content/VREditor/Fonts/TranslucentVRTextMaterial.uasset" 346
"../../../Engine/Content/VREditor/LaserPointer/CursorPointer.uasset" 347
"../../../Engine/Content/VREditor/LaserPointer/VR_LaserPower_01.uasset" 348
"../../../Engine/Content/VREditor/TransformGizmo/TransformGizmoMaterial.uasset" 349
"../../../Engine/Content/VREditor/LaserPointer/HoverMaterial.uasset" 350
"../../../Engine/Content/VREditor/TransformGizmo/TranslucentTransformGizmoMaterial.uasset" 351
"../../../Engine/Content/VREditor/LaserPointer/TranslucentHoverMaterial.uasset" 352
"../../../Engine/Content/VREditor/LaserPointer/HoverMesh.uasset" 353
"../../../Engine/Content/VREditor/LaserPointer/LaserPointerMaterial.uasset" 354
"../../../Engine/Content/VREditor/LaserPointer/LaserPointerMaterialInst.uasset" 355
"../../../Engine/Content/VREditor/LaserPointer/TranslucentLaserPointerMaterialInst.uasset" 356
"../../../Engine/Content/VREditor/LaserPointer/LaserPointerMesh.uasset" 357
"../../../Engine/Content/VREditor/LaserPointer/LaserPointerMesh_End.uasset" 358
"../../../Engine/Content/VREditor/LaserPointer/LaserPointerMesh_Start.uasset" 359
"../../../Engine/Content/Functions/Engine_MaterialFunctions02/Utility/BreakOutFloat3Components.uasset" 360
"../../../Engine/Content/Functions/Engine_MaterialFunctions02/Math/Transform3x3Matrix.uasset" 361
"../../../Engine/Content/Functions/Engine_MaterialFunctions02/SplitComponents.uasset" 362
"../../../Engine/Content/Functions/Engine_MaterialFunctions02/Utility/MakeFloat3.uasset" 363
"../../../Engine/Content/VREditor/SnapGrid/SnapGridMaterial.uasset" 364
"../../../Engine/Content/VREditor/SnapGrid/SnapGridPlaneMesh.uasset" 365
"../../../Engine/Content/VREditor/Sounds/VR_teleport.uasset" 366
"../../../Engine/Content/VREditor/Sounds/UI/Click_on_Button_Cue.uasset" 367
"../../../Engine/Content/VREditor/Sounds/UI/Dockable_Window_Close.uasset" 368
"../../../Engine/Content/VREditor/Sounds/UI/Dockable_Window_Drop.uasset" 369
"../../../Engine/Content/VREditor/Sounds/UI/Dockable_Window_Open.uasset" 370
"../../../Engine/Content/VREditor/Sounds/UI/Dockable_Window_Pick_Up.uasset" 371
"../../../Engine/Content/VREditor/Sounds/UI/Drop_Item_From_ContentBrowser.uasset" 372
"../../../Engine/Content/VREditor/Sounds/UI/Floating_UI_Open-001.uasset" 373
"../../../Engine/Content/VREditor/Sounds/UI/Gizmo_Handle_Clicked.uasset" 374
"../../../Engine/Content/VREditor/Sounds/UI/Object_PickUp.uasset" 375
"../../../Engine/Content/VREditor/Sounds/UI/Object_Snaps_To_Another_Actor.uasset" 376
"../../../Engine/Content/VREditor/Sounds/UI/Object_Snaps_To_Grid.uasset" 377
"../../../Engine/Content/VREditor/Sounds/UI/Radial_Menu_FadeOut.uasset" 378
"../../../Engine/Content/VREditor/Sounds/UI/Scaling_Down.uasset" 379
"../../../Engine/Content/VREditor/Sounds/UI/Scaling_Up.uasset" 380
"../../../Engine/Content/VREditor/Sounds/UI/Selection_Changes.uasset" 381
"../../../Engine/Content/VREditor/Sounds/UI/Teleport_Mode_Entered.uasset" 382
"../../../Engine/Content/VREditor/Teleport/TeleportDirectionMaterial.uasset" 383
"../../../Engine/Content/VREditor/Teleport/TeleportDirectionMaterial_Inst.uasset" 384
"../../../Engine/Content/VREditor/Teleport/TeleportDirectionMesh.uasset" 385
"../../../Engine/Content/VREditor/TransformGizmo/BoundingBoxCorner.uasset" 386
"../../../Engine/Content/VREditor/TransformGizmo/BoundingBoxEdge.uasset" 387
"../../../Engine/Content/VREditor/TransformGizmo/PlaneTranslationHandle.uasset" 388
"../../../Engine/Content/VREditor/TransformGizmo/RotationHandleFull.uasset" 389
"../../../Engine/Content/VREditor/TransformGizmo/RotationHandleIndicator.uasset" 390
"../../../Engine/Content/VREditor/TransformGizmo/RotationHandleQuarter.uasset" 391
"../../../Engine/Content/VREditor/TransformGizmo/Main.uasset" 392
"../../../Engine/Content/VREditor/TransformGizmo/Xray.uasset" 393
"../../../Engine/Content/VREditor/TransformGizmo/SM_Dialog_Close.uasset" 394
"../../../Engine/Content/VREditor/TransformGizmo/SM_Dialog_Move.uasset" 395
"../../../Engine/Content/VREditor/TransformGizmo/SM_Sequencer_Key.uasset" 396
"../../../Engine/Content/VREditor/TransformGizmo/SM_Sequencer_Node.uasset" 397
"../../../Engine/Content/VREditor/TransformGizmo/StartRotationHandleIndicator.uasset" 398
"../../../Engine/Content/VREditor/TransformGizmo/TranslucentTransformGizmoMaterial_Inst.uasset" 399
"../../../Engine/Content/VREditor/TransformGizmo/TransformGizmoFreeRotation.uasset" 400
"../../../Engine/Content/VREditor/TransformGizmo/TransformGizmoMaterial_Inst.uasset" 401
"../../../Engine/Content/VREditor/TransformGizmo/TranslateArrowHandle.uasset" 402
"../../../Engine/Content/VREditor/TransformGizmo/UniformScaleHandle.uasset" 403
"../../../Engine/Content/VREditor/UI/KeyDiskMaterial.uasset" 404
"../../../Engine/Content/VREditor/UI/DiscMaterial.uasset" 405
"../../../Engine/Content/VREditor/UI/SM_Radial_Disk.uasset" 406
"../../../Engine/Content/VREditor/WorldMovementGrid/SimpleGrid.uasset" 407
"../../../Engine/Content/VREditor/WorldMovementGrid/GridMaterial.uasset" 408
"../../../Engine/Content/Functions/Engine_MaterialFunctions01/Density/ExponentialDensity.uasset" 409
"../../../Engine/Content/VREditor/WorldMovementGrid/GridPostProcess.uasset" 410
"../../../Engine/Content/EditorLandscapeResources/FlattenHeightMat.uasset" 411
"../../../Engine/Content/VREditor/WorldMovementGrid/PlaneMesh.uasset" 412
"../../../Engine/Plugins/2D/Paper2D/Content/PlaceholderTextures/DummySpriteTexture.uasset" 413
"../../../Engine/Plugins/2D/Paper2D/Content/DummySprite.uasset" 414
"../../../Engine/Plugins/2D/Paper2D/Content/DefaultPaperTerrainMaterial.uasset" 415
"../../../Engine/Plugins/2D/Paper2D/Content/DefaultSpriteMaterial.uasset" 416
"../../../Engine/Plugins/2D/Paper2D/Content/MaskedUnlitSpriteMaterial.uasset" 417
"../../../Engine/Plugins/2D/Paper2D/Content/OpaqueUnlitSpriteMaterial.uasset" 418
"../../../Engine/Plugins/Media/MediaCompositing/Content/DefaultMediaPlaneMaterial.uasset" 419
"../../../Engine/Content/Functions/Engine_MaterialFunctions02/Utility/MakeFloat4.uasset" 420
"../../../Engine/Plugins/Runtime/AppleARKit/Content/ARKitCameraMaterial.uasset" 421
"../../../Engine/Plugins/Runtime/Oculus/OculusVR/Content/Textures/GearVRController_AO.uasset" 422
"../../../Engine/Plugins/Runtime/Oculus/OculusVR/Content/Textures/GearVRController_Color.uasset" 423
"../../../Engine/Plugins/Runtime/Oculus/OculusVR/Content/Textures/GearVRController_Normal.uasset" 424
"../../../Engine/Plugins/Runtime/Oculus/OculusVR/Content/Materials/GearVRControllerMaterial.uasset" 425
"../../../Engine/Plugins/Runtime/Oculus/OculusVR/Content/Meshes/GearVrController.uasset" 426
"../../../FeatsRemaining/Content/Archetypes/Checkpoint.uasset" 427
"../../../Engine/Content/EngineSky/C_Sky_Cloud_Color.uasset" 428
"../../../Engine/Content/EngineSky/C_Sky_Horizon_Color.uasset" 429
"../../../Engine/Content/EngineSky/C_Sky_Zenith_Color.uasset" 430
"../../../Engine/Content/EngineSky/T_Sky_Blue.uasset" 431
"../../../Engine/Content/EngineSky/T_Sky_Clouds_M.uasset" 432
"../../../Engine/Content/EngineSky/T_Sky_Stars.uasset" 433
"../../../Engine/Content/EngineSky/M_Sky_Panning_Clouds2.uasset" 434
"../../../Engine/Content/EngineSky/SM_SkySphere.uasset" 435
"../../../Engine/Content/EngineSky/BP_Sky_Sphere.uasset" 436
"../../../FeatsRemaining/Content/Materials/bright.uasset" 437
"../../../FeatsRemaining/Content/Archetypes/BlinkingLights.uasset" 438
"../../../FeatsRemaining/Content/Archetypes/Cornerstone.uasset" 439
"../../../FeatsRemaining/Content/Materials/M_Purple.uasset" 440
"../../../FeatsRemaining/Content/Archetypes/MindMover.uasset" 441
"../../../FeatsRemaining/Content/Archetypes/RockSpawner.uasset" 442
"../../../FeatsRemaining/Content/Geometry/Meshes/1M_Cube.uasset" 443
"../../../FeatsRemaining/Content/Archetypes/MoveableCube.uasset" 444
"../../../FeatsRemaining/Content/Archetypes/Outofbounds.uasset" 445
"../../../FeatsRemaining/Content/Models/DoesThisWork.uasset" 446
"../../../FeatsRemaining/Content/Models/DoesThisWork_Blueprint.uasset" 447
"../../../FeatsRemaining/Content/Maps/FinalPuzzle_BuiltData.uasset" 448
"../../../FeatsRemaining/Content/Models/Maya/WorldGridMaterial.uasset" 449
"../../../Engine/Content/BasicShapes/Plane.uasset" 450
"../../../FeatsRemaining/Content/FirstPersonBP/Blueprints/EndGame.uasset" 451
"../../../FeatsRemaining/Content/Models/Maya/Building1.uasset" 452
"../../../FeatsRemaining/Content/Models/Maya/Building2.uasset" 453
"../../../FeatsRemaining/Content/Models/Maya/Building3.uasset" 454
"../../../FeatsRemaining/Content/Models/Maya/Fbx_Default_Material.uasset" 455
"../../../FeatsRemaining/Content/Models/Maya/Building4.uasset" 456
"../../../FeatsRemaining/Content/Materials/M_FireParticle.uasset" 457
"../../../FeatsRemaining/Content/ParticlesUsed/Fire.uasset" 458
"../../../FeatsRemaining/Content/Maps/FinalPuzzle.umap" 459
"../../../FeatsRemaining/Content/StarterContent/Textures/T_MacroVariation.uasset" 460
"../../../FeatsRemaining/Content/StarterContent/Textures/T_Perlin_Noise_M.uasset" 461
"../../../FeatsRemaining/Content/StarterContent/Textures/T_Wood_Pine_D.uasset" 462
"../../../FeatsRemaining/Content/StarterContent/Textures/T_Wood_Pine_N.uasset" 463
"../../../FeatsRemaining/Content/StarterContent/Materials/M_Wood_Pine.uasset" 464
"../../../FeatsRemaining/Content/Characters/Alfred.uasset" 465
"../../../FeatsRemaining/Content/Characters/Nigel.uasset" 466
"../../../FeatsRemaining/Content/Characters/Ogoo.uasset" 467
"../../../FeatsRemaining/Content/Maps/Overworld_Capital_BuiltData.uasset" 468
"../../../FeatsRemaining/Content/Models/Maya/lambert1.uasset" 469
"../../../FeatsRemaining/Content/Models/Maya/Desk.uasset" 470
"../../../FeatsRemaining/Content/Models/Sphere_Brush_StaticMesh.uasset" 471
"../../../FeatsRemaining/Content/Physics/Stone.uasset" 472
"../../../FeatsRemaining/Content/Maps/Overworld_Capital.umap" 473
"../../../Engine/Content/BasicShapes/Cone.uasset" 474
"../../../FeatsRemaining/Content/Archetypes/Light.uasset" 475
"../../../FeatsRemaining/Content/Materials/M_TVStatic.uasset" 476
"../../../FeatsRemaining/Content/Archetypes/TV.uasset" 477
"../../../FeatsRemaining/Content/Characters/Bartender.uasset" 478
"../../../FeatsRemaining/Content/Characters/Child.uasset" 479
"../../../FeatsRemaining/Content/Models/Bottle.uasset" 480
"../../../FeatsRemaining/Content/Models/PoliceVan.uasset" 481
"../../../FeatsRemaining/Content/Maps/Overworld_Street_BuiltData.uasset" 482
"../../../FeatsRemaining/Content/StarterContent/Textures/T_Wood_Oak_D.uasset" 483
"../../../FeatsRemaining/Content/StarterContent/Textures/T_Wood_Oak_N.uasset" 484
"../../../FeatsRemaining/Content/StarterContent/Materials/M_Wood_Oak.uasset" 485
"../../../FeatsRemaining/Content/Audio/Ambient/AmbientBar.uasset" 486
"../../../FeatsRemaining/Content/Audio/Ambient/SirenSettings.uasset" 487
"../../../FeatsRemaining/Content/Audio/Ambient/Sirens.uasset" 488
"../../../FeatsRemaining/Content/Audio/TV/RussianEnd.uasset" 489
"../../../FeatsRemaining/Content/Audio/TV/RussianTV1.uasset" 490
"../../../FeatsRemaining/Content/Audio/TV/RussianTV2.uasset" 491
"../../../FeatsRemaining/Content/Audio/TV/RussianTV3.uasset" 492
"../../../FeatsRemaining/Content/Audio/TV/RussianTV4.uasset" 493
"../../../FeatsRemaining/Content/Audio/TV/RussianTV5.uasset" 494
"../../../FeatsRemaining/Content/Audio/TV/RussianTV6.uasset" 495
"../../../FeatsRemaining/Content/Audio/TV/RussianTV7.uasset" 496
"../../../FeatsRemaining/Content/Audio/TV/TV.uasset" 497
"../../../FeatsRemaining/Content/Maps/Overworld_Street.umap" 498
"../../../FeatsRemaining/Content/FirstPersonBP/Blueprints/FirstPersonGameMode.uasset" 499
"../../../FeatsRemaining/Content/Maps/Puzzle1_BuiltData.uasset" 500
"../../../FeatsRemaining/Content/Maps/Puzzle1.umap" 501
"../../../FeatsRemaining/Content/Maps/Puzzle2_BuiltData.uasset" 502
"../../../FeatsRemaining/Content/StarterContent/Textures/T_Rock_Sandstone_D.uasset" 503
"../../../FeatsRemaining/Content/StarterContent/Textures/T_Rock_Sandstone_N.uasset" 504
"../../../FeatsRemaining/Content/StarterContent/Materials/M_Rock_Sandstone.uasset" 505
"../../../FeatsRemaining/Content/StarterContent/Audio/Starter_Background_Cue.uasset" 506
"../../../FeatsRemaining/Content/Maps/Puzzle2.umap" 507
"../../../FeatsRemaining/Content/Archetypes/MovingPlatfrom.uasset" 508
"../../../FeatsRemaining/Content/Maps/Puzzle3_BuiltData.uasset" 509
"../../../FeatsRemaining/Content/Models/Maya/Lab.uasset" 510
"../../../FeatsRemaining/Content/Maps/Puzzle3.umap" 511
"../../../FeatsRemaining/Content/Maps/Tutorial_BuiltData.uasset" 512
"../../../FeatsRemaining/Content/Maps/Tutorial.umap" 513
"../../../FeatsRemaining/Content/StarterContent/Blueprints/Assets/FogBrightnessLUT.uasset" 514
"../../../FeatsRemaining/Content/StarterContent/Blueprints/Assets/SunlightColorLUT.uasset" 515
"../../../FeatsRemaining/Content/StarterContent/Blueprints/Assets/M_LightStage_Arrows.uasset" 516
"../../../Engine/Content/MapTemplates/Sky/DaylightAmbientCubemap.uasset" 517
"../../../FeatsRemaining/Content/StarterContent/Blueprints/Assets/M_LightStage_Skybox_Master.uasset" 518
"../../../FeatsRemaining/Content/StarterContent/Blueprints/Assets/M_LightStage_Skybox_Black.uasset" 519
"../../../FeatsRemaining/Content/StarterContent/Blueprints/Assets/M_LightStage_Skybox_HDRI.uasset" 520
"../../../Engine/Content/EditorMaterials/Thumbnails/SkySphereMaterial.uasset" 521
"../../../FeatsRemaining/Content/StarterContent/Blueprints/Assets/Skybox.uasset" 522
"../../../FeatsRemaining/Content/StarterContent/Blueprints/Assets/SM_Arrows.uasset" 523
"../../../FeatsRemaining/Content/StarterContent/HDRI/HDRI_Epic_Courtyard_Daylight.uasset" 524
"../../../FeatsRemaining/Content/StarterContent/Blueprints/BP_LightStudio.uasset" 525
"../../../FeatsRemaining/Content/StarterContent/Maps/Advanced_Lighting_BuiltData.uasset" 526
"../../../FeatsRemaining/Content/StarterContent/Materials/M_AssetPlatform.uasset" 527
"../../../Engine/Content/EditorMeshes/ColorCalibrator/M_ChromeBall.uasset" 528
"../../../Engine/Content/EditorMeshes/ColorCalibrator/M_ClearCoat.uasset" 529
"../../../Engine/Content/EditorMeshes/ColorCalibrator/M_ClearCoatBlack.uasset" 530
"../../../Engine/Content/EditorMeshes/ColorCalibrator/Color_checker.uasset" 531
"../../../Engine/Content/EditorMeshes/ColorCalibrator/M_ColorGrid.uasset" 532
"../../../Engine/Content/EditorMeshes/ColorCalibrator/M_GreyBall.uasset" 533
"../../../Engine/Content/EditorMeshes/ColorCalibrator/SM_ColorCalibrator.uasset" 534
"../../../FeatsRemaining/Content/StarterContent/Architecture/SM_AssetPlatform.uasset" 535
"../../../FeatsRemaining/Content/StarterContent/Maps/Advanced_Lighting.umap" 536
"../../../FeatsRemaining/Content/StarterContent/Maps/Minimal_Default_BuiltData.uasset" 537
"../../../FeatsRemaining/Content/StarterContent/Materials/M_Metal_Brushed_Nickel.uasset" 538
"../../../FeatsRemaining/Content/StarterContent/Textures/T_Metal_Aluminum_D.uasset" 539
"../../../FeatsRemaining/Content/StarterContent/Textures/T_Metal_Gold_N.uasset" 540
"../../../FeatsRemaining/Content/StarterContent/Materials/M_Metal_Burnished_Steel.uasset" 541
"../../../FeatsRemaining/Content/StarterContent/Textures/T_Metal_Copper_D.uasset" 542
"../../../FeatsRemaining/Content/StarterContent/Materials/M_Metal_Copper.uasset" 543
"../../../FeatsRemaining/Content/StarterContent/Textures/T_Statue_M.uasset" 544
"../../../FeatsRemaining/Content/StarterContent/Textures/T_Statue_N.uasset" 545
"../../../FeatsRemaining/Content/StarterContent/Props/Materials/M_StatueGlass.uasset" 546
"../../../FeatsRemaining/Content/StarterContent/Architecture/Floor_400x400.uasset" 547
"../../../FeatsRemaining/Content/StarterContent/Props/SM_Chair.uasset" 548
"../../../FeatsRemaining/Content/StarterContent/Props/Materials/M_Statue.uasset" 549
"../../../FeatsRemaining/Content/StarterContent/Props/SM_Statue.uasset" 550
"../../../FeatsRemaining/Content/StarterContent/Textures/T_TableRound_M.uasset" 551
"../../../FeatsRemaining/Content/StarterContent/Textures/T_TableRound_N.uasset" 552
"../../../FeatsRemaining/Content/StarterContent/Props/Materials/M_TableRound.uasset" 553
"../../../FeatsRemaining/Content/StarterContent/Props/SM_TableRound.uasset" 554
"../../../FeatsRemaining/Content/StarterContent/Maps/Minimal_Default.umap" 555
"../../../FeatsRemaining/Content/StarterContent/Audio/Fire01_Cue.uasset" 556
"../../../FeatsRemaining/Content/StarterContent/Blueprints/Blueprint_Effect_Fire.uasset" 557
"../../../FeatsRemaining/Content/ParticlesUsed/P_Smoke.uasset" 558
"../../../FeatsRemaining/Content/StarterContent/Audio/Smoke01_Cue.uasset" 559
"../../../FeatsRemaining/Content/StarterContent/Blueprints/Blueprint_Effect_Smoke.uasset" 560
"../../../FeatsRemaining/Content/StarterContent/Audio/Fire_Sparks01_Cue.uasset" 561
"../../../FeatsRemaining/Content/StarterContent/Textures/T_Spark_Core.uasset" 562
"../../../FeatsRemaining/Content/StarterContent/Particles/Materials/M_Spark.uasset" 563
"../../../FeatsRemaining/Content/StarterContent/Particles/P_Sparks.uasset" 564
"../../../FeatsRemaining/Content/StarterContent/Blueprints/Blueprint_Effect_Sparks.uasset" 565
"../../../FeatsRemaining/Content/StarterContent/Audio/Steam01_Cue.uasset" 566
"../../../FeatsRemaining/Content/StarterContent/Particles/P_Steam_Lit.uasset" 567
"../../../FeatsRemaining/Content/StarterContent/Blueprints/Blueprint_Effect_Steam.uasset" 568
"../../../FeatsRemaining/Content/StarterContent/Textures/T_Lamp_M.uasset" 569
"../../../FeatsRemaining/Content/StarterContent/Textures/T_Lamp_N.uasset" 570
"../../../FeatsRemaining/Content/StarterContent/Props/Materials/M_Lamp.uasset" 571
"../../../FeatsRemaining/Content/StarterContent/Props/SM_Lamp_Ceiling.uasset" 572
"../../../FeatsRemaining/Content/StarterContent/Blueprints/Blueprint_CeilingLight.uasset" 573
"../../../FeatsRemaining/Content/StarterContent/Props/SM_Lamp_Wall.uasset" 574
"../../../FeatsRemaining/Content/StarterContent/Blueprints/Blueprint_WallSconce.uasset" 575
"../../../FeatsRemaining/Content/StarterContent/Maps/StarterMap_BuiltData.uasset" 576
"../../../Engine/Content/Functions/Engine_MaterialFunctions03/Procedurals/ComputeFilterWidth.uasset" 577
"../../../Engine/Content/EngineMaterials/AntiAliasedTextMaterialTranslucent.uasset" 578
"../../../FeatsRemaining/Content/StarterContent/Textures/T_Brick_Clay_Beveled_D.uasset" 579
"../../../FeatsRemaining/Content/StarterContent/Textures/T_Brick_Clay_Beveled_M.uasset" 580
"../../../FeatsRemaining/Content/StarterContent/Textures/T_Brick_Clay_Beveled_N.uasset" 581
"../../../FeatsRemaining/Content/StarterContent/Materials/M_Brick_Clay_Beveled.uasset" 582
"../../../FeatsRemaining/Content/StarterContent/Textures/T_Brick_Clay_New_D.uasset" 583
"../../../FeatsRemaining/Content/StarterContent/Textures/T_Brick_Clay_New_M.uasset" 584
"../../../FeatsRemaining/Content/StarterContent/Textures/T_Brick_Clay_New_N.uasset" 585
"../../../FeatsRemaining/Content/StarterContent/Materials/M_Brick_Clay_New.uasset" 586
"../../../FeatsRemaining/Content/StarterContent/Textures/T_Brick_Clay_Old_D.uasset" 587
"../../../FeatsRemaining/Content/StarterContent/Textures/T_Brick_Clay_Old_N.uasset" 588
"../../../FeatsRemaining/Content/StarterContent/Materials/M_Brick_Clay_Old.uasset" 589
"../../../FeatsRemaining/Content/StarterContent/Textures/T_Brick_Cut_Stone_D.uasset" 590
"../../../FeatsRemaining/Content/StarterContent/Textures/T_Brick_Cut_Stone_N.uasset" 591
"../../../FeatsRemaining/Content/StarterContent/Materials/M_Brick_Cut_Stone.uasset" 592
"../../../FeatsRemaining/Content/StarterContent/Textures/T_Brick_Hewn_Stone_D.uasset" 593
"../../../FeatsRemaining/Content/StarterContent/Textures/T_Brick_Hewn_Stone_M.uasset" 594
"../../../FeatsRemaining/Content/StarterContent/Textures/T_Brick_Hewn_Stone_N.uasset" 595
"../../../FeatsRemaining/Content/StarterContent/Materials/M_Brick_Hewn_Stone.uasset" 596
"../../../FeatsRemaining/Content/StarterContent/Textures/T_Ceramic_Tile_M.uasset" 597
"../../../FeatsRemaining/Content/StarterContent/Textures/T_Ceramic_Tile_N.uasset" 598
"../../../FeatsRemaining/Content/StarterContent/Textures/T_Rock_Marble_Polished_D.uasset" 599
"../../../FeatsRemaining/Content/StarterContent/Materials/M_Ceramic_Tile_Checker.uasset" 600
"../../../FeatsRemaining/Content/StarterContent/Textures/T_CobbleStone_Pebble_D.uasset" 601
"../../../FeatsRemaining/Content/StarterContent/Textures/T_CobbleStone_Pebble_M.uasset" 602
"../../../FeatsRemaining/Content/StarterContent/Textures/T_CobbleStone_Pebble_N.uasset" 603
"../../../FeatsRemaining/Content/StarterContent/Materials/M_CobbleStone_Pebble.uasset" 604
"../../../FeatsRemaining/Content/StarterContent/Textures/T_CobbleStone_Rough_D.uasset" 605
"../../../FeatsRemaining/Content/StarterContent/Textures/T_CobbleStone_Rough_N.uasset" 606
"../../../FeatsRemaining/Content/StarterContent/Textures/T_Gradinet_01.uasset" 607
"../../../FeatsRemaining/Content/StarterContent/Textures/T_Rock_Smooth_Granite_D.uasset" 608
"../../../FeatsRemaining/Content/StarterContent/Materials/M_CobbleStone_Rough.uasset" 609
"../../../FeatsRemaining/Content/StarterContent/Textures/T_CobbleStone_Smooth_D.uasset" 610
"../../../FeatsRemaining/Content/StarterContent/Textures/T_CobbleStone_Smooth_M.uasset" 611
"../../../FeatsRemaining/Content/StarterContent/Textures/T_CobbleStone_Smooth_N.uasset" 612
"../../../FeatsRemaining/Content/StarterContent/Materials/M_CobbleStone_Smooth.uasset" 613
"../../../FeatsRemaining/Content/StarterContent/Textures/T_Concrete_Grime_D.uasset" 614
"../../../FeatsRemaining/Content/StarterContent/Textures/T_Metal_Rust_N.uasset" 615
"../../../FeatsRemaining/Content/StarterContent/Materials/M_Concrete_Grime.uasset" 616
"../../../FeatsRemaining/Content/StarterContent/Textures/T_Concrete_Panels_D.uasset" 617
"../../../FeatsRemaining/Content/StarterContent/Textures/T_Concrete_Panels_N.uasset" 618
"../../../FeatsRemaining/Content/StarterContent/Materials/M_Concrete_Panels.uasset" 619
"../../../FeatsRemaining/Content/StarterContent/Textures/T_Concrete_Poured_D.uasset" 620
"../../../FeatsRemaining/Content/StarterContent/Textures/T_Concrete_Poured_N.uasset" 621
"../../../FeatsRemaining/Content/StarterContent/Materials/M_Concrete_Poured.uasset" 622
"../../../FeatsRemaining/Content/StarterContent/Textures/T_Concrete_Tiles_D.uasset" 623
"../../../FeatsRemaining/Content/StarterContent/Textures/T_Concrete_Tiles_M.uasset" 624
"../../../FeatsRemaining/Content/StarterContent/Textures/T_Concrete_Tiles_N.uasset" 625
"../../../FeatsRemaining/Content/StarterContent/Textures/T_Concrete_Tiles_Variation_M.uasset" 626
"../../../FeatsRemaining/Content/StarterContent/Materials/M_Concrete_Tiles.uasset" 627
"../../../FeatsRemaining/Content/StarterContent/Textures/T_Ground_Grass_D.uasset" 628
"../../../FeatsRemaining/Content/StarterContent/Textures/T_Ground_Grass_N.uasset" 629
"../../../FeatsRemaining/Content/StarterContent/Materials/M_Ground_Grass.uasset" 630
"../../../FeatsRemaining/Content/StarterContent/Textures/T_Ground_Gravel_D.uasset" 631
"../../../FeatsRemaining/Content/StarterContent/Textures/T_Ground_Gravel_N.uasset" 632
"../../../FeatsRemaining/Content/StarterContent/Materials/M_Ground_Gravel.uasset" 633
"../../../FeatsRemaining/Content/StarterContent/Textures/T_ground_Moss_D.uasset" 634
"../../../FeatsRemaining/Content/StarterContent/Textures/T_Ground_Moss_N.uasset" 635
"../../../FeatsRemaining/Content/StarterContent/Materials/M_Ground_Moss.uasset" 636
"../../../FeatsRemaining/Content/StarterContent/Materials/M_Metal_Chrome.uasset" 637
"../../../FeatsRemaining/Content/StarterContent/Textures/T_Metal_Gold_D.uasset" 638
"../../../FeatsRemaining/Content/StarterContent/Materials/M_Metal_Gold.uasset" 639
"../../../FeatsRemaining/Content/StarterContent/Textures/T_Metal_Rust_D.uasset" 640
"../../../FeatsRemaining/Content/StarterContent/Materials/M_Metal_Rust.uasset" 641
"../../../FeatsRemaining/Content/StarterContent/Textures/T_Metal_Steel_D.uasset" 642
"../../../FeatsRemaining/Content/StarterContent/Textures/T_Metal_Steel_N.uasset" 643
"../../../FeatsRemaining/Content/StarterContent/Materials/M_Metal_Steel.uasset" 644
"../../../FeatsRemaining/Content/StarterContent/Textures/T_Rock_Basalt_N.uasset" 645
"../../../FeatsRemaining/Content/StarterContent/Materials/M_Rock_Basalt.uasset" 646
"../../../FeatsRemaining/Content/StarterContent/Materials/M_Rock_Marble_Polished.uasset" 647
"../../../FeatsRemaining/Content/StarterContent/Textures/T_Rock_Slate_D.uasset" 648
"../../../FeatsRemaining/Content/StarterContent/Textures/T_Rock_Slate_N.uasset" 649
"../../../FeatsRemaining/Content/StarterContent/Materials/M_Rock_Slate.uasset" 650
"../../../FeatsRemaining/Content/StarterContent/Textures/T_Checker_Noise_M.uasset" 651
"../../../FeatsRemaining/Content/StarterContent/Textures/T_Single_Tile_N.uasset" 652
"../../../FeatsRemaining/Content/StarterContent/Textures/T_Tech_Dot_M.uasset" 653
"../../../FeatsRemaining/Content/StarterContent/Textures/T_Tech_Dot_N.uasset" 654
"../../../FeatsRemaining/Content/StarterContent/Materials/M_Tech_Checker_Dot.uasset" 655
"../../../FeatsRemaining/Content/StarterContent/Textures/T_Tech_Hex_Tile_M.uasset" 656
"../../../FeatsRemaining/Content/StarterContent/Textures/T_Tech_Hex_Tile_N.uasset" 657
"../../../FeatsRemaining/Content/StarterContent/Materials/M_Tech_Hex_Tile.uasset" 658
"../../../FeatsRemaining/Content/StarterContent/Materials/M_Tech_Hex_Tile_Pulse.uasset" 659
"../../../FeatsRemaining/Content/StarterContent/Textures/T_Tech_Panel_M.uasset" 660
"../../../FeatsRemaining/Content/StarterContent/Textures/T_Tech_Panel_N.uasset" 661
"../../../FeatsRemaining/Content/StarterContent/Materials/M_Tech_Panel.uasset" 662
"../../../FeatsRemaining/Content/StarterContent/Materials/M_Water_Lake.uasset" 663
"../../../FeatsRemaining/Content/StarterContent/Textures/T_Water_M.uasset" 664
"../../../FeatsRemaining/Content/StarterContent/Materials/M_Water_Ocean.uasset" 665
"../../../FeatsRemaining/Content/StarterContent/Textures/T_Wood_Floor_Walnut_D.uasset" 666
"../../../FeatsRemaining/Content/StarterContent/Textures/T_Wood_Floor_Walnut_M.uasset" 667
"../../../FeatsRemaining/Content/StarterContent/Textures/T_Wood_Floor_Walnut_N.uasset" 668
"../../../FeatsRemaining/Content/StarterContent/Materials/M_Wood_Floor_Walnut_Polished.uasset" 669
"../../../Engine/Content/Functions/Engine_MaterialFunctions01/Opacity/AlphaOffset.uasset" 670
"../../../FeatsRemaining/Content/StarterContent/Materials/M_Wood_Floor_Walnut_Worn.uasset" 671
"../../../FeatsRemaining/Content/StarterContent/Textures/T_Wood_Walnut_D.uasset" 672
"../../../FeatsRemaining/Content/StarterContent/Textures/T_Wood_Walnut_N.uasset" 673
"../../../FeatsRemaining/Content/StarterContent/Materials/M_Wood_Walnut.uasset" 674
"../../../FeatsRemaining/Content/StarterContent/Architecture/Wall_400x200.uasset" 675
"../../../FeatsRemaining/Content/StarterContent/Architecture/Wall_Door_400x300.uasset" 676
"../../../FeatsRemaining/Content/StarterContent/Architecture/Wall_Window_400x300.uasset" 677
"../../../FeatsRemaining/Content/StarterContent/Audio/Collapse_Cue.uasset" 678
"../../../FeatsRemaining/Content/StarterContent/Audio/Starter_Music_Cue.uasset" 679
"../../../FeatsRemaining/Content/StarterContent/Textures/T_Dust_Particle_D.uasset" 680
"../../../FeatsRemaining/Content/StarterContent/Particles/Materials/M_Dust_Particle.uasset" 681
"../../../FeatsRemaining/Content/StarterContent/Particles/P_Ambient_Dust.uasset" 682
"../../../FeatsRemaining/Content/StarterContent/Props/MaterialSphere.uasset" 683
"../../../FeatsRemaining/Content/StarterContent/Textures/T_Frame_M.uasset" 684
"../../../FeatsRemaining/Content/StarterContent/Textures/T_Frame_N.uasset" 685
"../../../FeatsRemaining/Content/StarterContent/Props/Materials/M_Frame.uasset" 686
"../../../FeatsRemaining/Content/StarterContent/Props/SM_CornerFrame.uasset" 687
"../../../FeatsRemaining/Content/StarterContent/Props/SM_DoorFrame.uasset" 688
"../../../FeatsRemaining/Content/StarterContent/Props/SM_GlassWindow.uasset" 689
"../../../FeatsRemaining/Content/StarterContent/Props/SM_PillarFrame.uasset" 690
"../../../FeatsRemaining/Content/StarterContent/Props/SM_PillarFrame300.uasset" 691
"../../../FeatsRemaining/Content/StarterContent/Props/SM_WindowFrame.uasset" 692
"../../../FeatsRemaining/Content/StarterContent/Shapes/Shape_Cube.uasset" 693
"../../../FeatsRemaining/Content/StarterContent/Shapes/Shape_QuadPyramid.uasset" 694
"../../../FeatsRemaining/Content/StarterContent/Shapes/Shape_Sphere.uasset" 695
"../../../FeatsRemaining/Content/StarterContent/Maps/StarterMap.umap" 696
"../../../Engine/Content/Maps/Entry.umap" 697
